The target system is: Android - 1 - armv7-a
The host system is: Linux - 4.15.0-88-generic - x86_64
Determining if the C compiler works passed with the following output:
Change Dir: /home/azumeow/AndroidStudioProjects/ORB-SLAM2-based-AR-on-Android-master/app/.cxx/cmake/release/armeabi-v7a/CMakeFiles/CMakeTmp

Run Build Command:"/home/azumeow/Android/Sdk/cmake/3.10.2.4988404/bin/ninja" "cmTC_d2eef"
[1/2] Building C object CMakeFiles/cmTC_d2eef.dir/testCCompiler.c.o
[2/2] Linking C executable cmTC_d2eef


Detecting C compiler ABI info compiled with the following output:
Change Dir: /home/azumeow/AndroidStudioProjects/ORB-SLAM2-based-AR-on-Android-master/app/.cxx/cmake/release/armeabi-v7a/CMakeFiles/CMakeTmp

Run Build Command:"/home/azumeow/Android/Sdk/cmake/3.10.2.4988404/bin/ninja" "cmTC_18de3"
[1/2] Building C object CMakeFiles/cmTC_18de3.dir/CMakeCCompilerABI.c.o
[2/2] Linking C executable cmTC_18de3
Android clang version 5.0.300080  (based on LLVM 5.0.300080)
Target: armv7-none-linux-android
Thread model: posix
InstalledDir: /home/azumeow/Android/Sdk/ndk/16.1.4479499/toolchains/llvm/prebuilt/linux-x86_64/bin
Found candidate GCC installation: /home/azumeow/Android/Sdk/ndk/16.1.4479499/toolchains/arm-linux-androideabi-4.9/prebuilt/linux-x86_64/lib/gcc/arm-linux-androideabi/4.9.x
Selected GCC installation: /home/azumeow/Android/Sdk/ndk/16.1.4479499/toolchains/arm-linux-androideabi-4.9/prebuilt/linux-x86_64/lib/gcc/arm-linux-androideabi/4.9.x
Candidate multilib: thumb;@thumb
Candidate multilib: armv7-a;@armv7
Candidate multilib: armv7-a/thumb;@armv7@thumb
Candidate multilib: .;
Selected multilib: armv7-a/thumb;@armv7@thumb
 "/home/azumeow/Android/Sdk/ndk/16.1.4479499/toolchains/arm-linux-androideabi-4.9/prebuilt/linux-x86_64/lib/gcc/arm-linux-androideabi/4.9.x/../../../../arm-linux-androideabi/bin/ld" --sysroot=/home/azumeow/Android/Sdk/ndk/16.1.4479499/platforms/android-22/arch-arm -pie -z relro -X --eh-frame-hdr -m armelf_linux_eabi -dynamic-linker /system/bin/linker -o cmTC_18de3 /home/azumeow/Android/Sdk/ndk/16.1.4479499/platforms/android-22/arch-arm/usr/lib/../lib/crtbegin_dynamic.o -L/home/azumeow/Android/Sdk/ndk/16.1.4479499/toolchains/llvm/prebuilt/linux-x86_64/lib64/clang/5.0.300080/lib/linux/arm -L/home/azumeow/Android/Sdk/ndk/16.1.4479499/toolchains/arm-linux-androideabi-4.9/prebuilt/linux-x86_64/lib/gcc/arm-linux-androideabi/4.9.x/armv7-a/thumb -L/home/azumeow/Android/Sdk/ndk/16.1.4479499/toolchains/arm-linux-androideabi-4.9/prebuilt/linux-x86_64/lib/gcc/arm-linux-androideabi/4.9.x/../../../../arm-linux-androideabi/lib/../lib/armv7-a/thumb -L/home/azumeow/Android/Sdk/ndk/16.1.4479499/platforms/android-22/arch-arm/usr/lib/../lib -L/home/azumeow/Android/Sdk/ndk/16.1.4479499/toolchains/arm-linux-androideabi-4.9/prebuilt/linux-x86_64/lib/gcc/arm-linux-androideabi/4.9.x/../../../../arm-linux-androideabi/lib/armv7-a/thumb -L/home/azumeow/Android/Sdk/ndk/16.1.4479499/platforms/android-22/arch-arm/usr/lib --exclude-libs libgcc.a --exclude-libs libatomic.a --build-id --warn-shared-textrel --fatal-warnings --fix-cortex-a8 --no-undefined -z noexecstack -z relro -z now --gc-sections -z nocopyreloc CMakeFiles/cmTC_18de3.dir/CMakeCCompilerABI.c.o -lgcc -ldl -lc -lgcc -ldl /home/azumeow/Android/Sdk/ndk/16.1.4479499/platforms/android-22/arch-arm/usr/lib/../lib/crtend_android.o


Parsed C implicit link information from above output:
  link line regex: [^( *|.*[/\])(arm-linux-androideabi-ld|CMAKE_LINK_STARTFILE-NOTFOUND|([^/\]+-)?ld|collect2)[^/\]*( |$)]
  ignore line: [Change Dir: /home/azumeow/AndroidStudioProjects/ORB-SLAM2-based-AR-on-Android-master/app/.cxx/cmake/release/armeabi-v7a/CMakeFiles/CMakeTmp]
  ignore line: []
  ignore line: [Run Build Command:"/home/azumeow/Android/Sdk/cmake/3.10.2.4988404/bin/ninja" "cmTC_18de3"]
  ignore line: [[1/2] Building C object CMakeFiles/cmTC_18de3.dir/CMakeCCompilerABI.c.o]
  ignore line: [[2/2] Linking C executable cmTC_18de3]
  ignore line: [Android clang version 5.0.300080  (based on LLVM 5.0.300080)]
  ignore line: [Target: armv7-none-linux-android]
  ignore line: [Thread model: posix]
  ignore line: [InstalledDir: /home/azumeow/Android/Sdk/ndk/16.1.4479499/toolchains/llvm/prebuilt/linux-x86_64/bin]
  ignore line: [Found candidate GCC installation: /home/azumeow/Android/Sdk/ndk/16.1.4479499/toolchains/arm-linux-androideabi-4.9/prebuilt/linux-x86_64/lib/gcc/arm-linux-androideabi/4.9.x]
  ignore line: [Selected GCC installation: /home/azumeow/Android/Sdk/ndk/16.1.4479499/toolchains/arm-linux-androideabi-4.9/prebuilt/linux-x86_64/lib/gcc/arm-linux-androideabi/4.9.x]
  ignore line: [Candidate multilib: thumb]
  ignore line: [@thumb]
  ignore line: [Candidate multilib: armv7-a]
  ignore line: [@armv7]
  ignore line: [Candidate multilib: armv7-a/thumb]
  ignore line: [@armv7@thumb]
  ignore line: [Candidate multilib: .]
  ignore line: []
  ignore line: [Selected multilib: armv7-a/thumb]
  ignore line: [@armv7@thumb]
  link line: [ "/home/azumeow/Android/Sdk/ndk/16.1.4479499/toolchains/arm-linux-androideabi-4.9/prebuilt/linux-x86_64/lib/gcc/arm-linux-androideabi/4.9.x/../../../../arm-linux-androideabi/bin/ld" --sysroot=/home/azumeow/Android/Sdk/ndk/16.1.4479499/platforms/android-22/arch-arm -pie -z relro -X --eh-frame-hdr -m armelf_linux_eabi -dynamic-linker /system/bin/linker -o cmTC_18de3 /home/azumeow/Android/Sdk/ndk/16.1.4479499/platforms/android-22/arch-arm/usr/lib/../lib/crtbegin_dynamic.o -L/home/azumeow/Android/Sdk/ndk/16.1.4479499/toolchains/llvm/prebuilt/linux-x86_64/lib64/clang/5.0.300080/lib/linux/arm -L/home/azumeow/Android/Sdk/ndk/16.1.4479499/toolchains/arm-linux-androideabi-4.9/prebuilt/linux-x86_64/lib/gcc/arm-linux-androideabi/4.9.x/armv7-a/thumb -L/home/azumeow/Android/Sdk/ndk/16.1.4479499/toolchains/arm-linux-androideabi-4.9/prebuilt/linux-x86_64/lib/gcc/arm-linux-androideabi/4.9.x/../../../../arm-linux-androideabi/lib/../lib/armv7-a/thumb -L/home/azumeow/Android/Sdk/ndk/16.1.4479499/platforms/android-22/arch-arm/usr/lib/../lib -L/home/azumeow/Android/Sdk/ndk/16.1.4479499/toolchains/arm-linux-androideabi-4.9/prebuilt/linux-x86_64/lib/gcc/arm-linux-androideabi/4.9.x/../../../../arm-linux-androideabi/lib/armv7-a/thumb -L/home/azumeow/Android/Sdk/ndk/16.1.4479499/platforms/android-22/arch-arm/usr/lib --exclude-libs libgcc.a --exclude-libs libatomic.a --build-id --warn-shared-textrel --fatal-warnings --fix-cortex-a8 --no-undefined -z noexecstack -z relro -z now --gc-sections -z nocopyreloc CMakeFiles/cmTC_18de3.dir/CMakeCCompilerABI.c.o -lgcc -ldl -lc -lgcc -ldl /home/azumeow/Android/Sdk/ndk/16.1.4479499/platforms/android-22/arch-arm/usr/lib/../lib/crtend_android.o]
    arg [/home/azumeow/Android/Sdk/ndk/16.1.4479499/toolchains/arm-linux-androideabi-4.9/prebuilt/linux-x86_64/lib/gcc/arm-linux-androideabi/4.9.x/../../../../arm-linux-androideabi/bin/ld] ==> ignore
    arg [--sysroot=/home/azumeow/Android/Sdk/ndk/16.1.4479499/platforms/android-22/arch-arm] ==> ignore
    arg [-pie] ==> ignore
    arg [-zrelro] ==> ignore
    arg [-X] ==> ignore
    arg [--eh-frame-hdr] ==> ignore
    arg [-m] ==> ignore
    arg [armelf_linux_eabi] ==> ignore
    arg [-dynamic-linker] ==> ignore
    arg [/system/bin/linker] ==> ignore
    arg [-o] ==> ignore
    arg [cmTC_18de3] ==> ignore
    arg [/home/azumeow/Android/Sdk/ndk/16.1.4479499/platforms/android-22/arch-arm/usr/lib/../lib/crtbegin_dynamic.o] ==> ignore
    arg [-L/home/azumeow/Android/Sdk/ndk/16.1.4479499/toolchains/llvm/prebuilt/linux-x86_64/lib64/clang/5.0.300080/lib/linux/arm] ==> dir [/home/azumeow/Android/Sdk/ndk/16.1.4479499/toolchains/llvm/prebuilt/linux-x86_64/lib64/clang/5.0.300080/lib/linux/arm]
    arg [-L/home/azumeow/Android/Sdk/ndk/16.1.4479499/toolchains/arm-linux-androideabi-4.9/prebuilt/linux-x86_64/lib/gcc/arm-linux-androideabi/4.9.x/armv7-a/thumb] ==> dir [/home/azumeow/Android/Sdk/ndk/16.1.4479499/toolchains/arm-linux-androideabi-4.9/prebuilt/linux-x86_64/lib/gcc/arm-linux-androideabi/4.9.x/armv7-a/thumb]
    arg [-L/home/azumeow/Android/Sdk/ndk/16.1.4479499/toolchains/arm-linux-androideabi-4.9/prebuilt/linux-x86_64/lib/gcc/arm-linux-androideabi/4.9.x/../../../../arm-linux-androideabi/lib/../lib/armv7-a/thumb] ==> dir [/home/azumeow/Android/Sdk/ndk/16.1.4479499/toolchains/arm-linux-androideabi-4.9/prebuilt/linux-x86_64/lib/gcc/arm-linux-androideabi/4.9.x/../../../../arm-linux-androideabi/lib/../lib/armv7-a/thumb]
    arg [-L/home/azumeow/Android/Sdk/ndk/16.1.4479499/platforms/android-22/arch-arm/usr/lib/../lib] ==> dir [/home/azumeow/Android/Sdk/ndk/16.1.4479499/platforms/android-22/arch-arm/usr/lib/../lib]
    arg [-L/home/azumeow/Android/Sdk/ndk/16.1.4479499/toolchains/arm-linux-androideabi-4.9/prebuilt/linux-x86_64/lib/gcc/arm-linux-androideabi/4.9.x/../../../../arm-linux-androideabi/lib/armv7-a/thumb] ==> dir [/home/azumeow/Android/Sdk/ndk/16.1.4479499/toolchains/arm-linux-androideabi-4.9/prebuilt/linux-x86_64/lib/gcc/arm-linux-androideabi/4.9.x/../../../../arm-linux-androideabi/lib/armv7-a/thumb]
    arg [-L/home/azumeow/Android/Sdk/ndk/16.1.4479499/platforms/android-22/arch-arm/usr/lib] ==> dir [/home/azumeow/Android/Sdk/ndk/16.1.4479499/platforms/android-22/arch-arm/usr/lib]
    arg [--exclude-libs] ==> ignore
    arg [libgcc.a] ==> ignore
    arg [--exclude-libs] ==> ignore
    arg [libatomic.a] ==> ignore
    arg [--build-id] ==> ignore
    arg [--warn-shared-textrel] ==> ignore
    arg [--fatal-warnings] ==> ignore
    arg [--fix-cortex-a8] ==> ignore
    arg [--no-undefined] ==> ignore
    arg [-znoexecstack] ==> ignore
    arg [-zrelro] ==> ignore
    arg [-znow] ==> ignore
    arg [--gc-sections] ==> ignore
    arg [-znocopyreloc] ==> ignore
    arg [CMakeFiles/cmTC_18de3.dir/CMakeCCompilerABI.c.o] ==> ignore
    arg [-lgcc] ==> lib [gcc]
    arg [-ldl] ==> lib [dl]
    arg [-lc] ==> lib [c]
    arg [-lgcc] ==> lib [gcc]
    arg [-ldl] ==> lib [dl]
    arg [/home/azumeow/Android/Sdk/ndk/16.1.4479499/platforms/android-22/arch-arm/usr/lib/../lib/crtend_android.o] ==> ignore
  collapse library dir [/home/azumeow/Android/Sdk/ndk/16.1.4479499/toolchains/llvm/prebuilt/linux-x86_64/lib64/clang/5.0.300080/lib/linux/arm] ==> [/home/azumeow/Android/Sdk/ndk/16.1.4479499/toolchains/llvm/prebuilt/linux-x86_64/lib64/clang/5.0.300080/lib/linux/arm]
  collapse library dir [/home/azumeow/Android/Sdk/ndk/16.1.4479499/toolchains/arm-linux-androideabi-4.9/prebuilt/linux-x86_64/lib/gcc/arm-linux-androideabi/4.9.x/armv7-a/thumb] ==> [/home/azumeow/Android/Sdk/ndk/16.1.4479499/toolchains/arm-linux-androideabi-4.9/prebuilt/linux-x86_64/lib/gcc/arm-linux-androideabi/4.9.x/armv7-a/thumb]
  collapse library dir [/home/azumeow/Android/Sdk/ndk/16.1.4479499/toolchains/arm-linux-androideabi-4.9/prebuilt/linux-x86_64/lib/gcc/arm-linux-androideabi/4.9.x/../../../../arm-linux-androideabi/lib/../lib/armv7-a/thumb] ==> [/home/azumeow/Android/Sdk/ndk/16.1.4479499/toolchains/arm-linux-androideabi-4.9/prebuilt/linux-x86_64/arm-linux-androideabi/lib/armv7-a/thumb]
  collapse library dir [/home/azumeow/Android/Sdk/ndk/16.1.4479499/platforms/android-22/arch-arm/usr/lib/../lib] ==> [/home/azumeow/Android/Sdk/ndk/16.1.4479499/platforms/android-22/arch-arm/usr/lib]
  collapse library dir [/home/azumeow/Android/Sdk/ndk/16.1.4479499/toolchains/arm-linux-androideabi-4.9/prebuilt/linux-x86_64/lib/gcc/arm-linux-androideabi/4.9.x/../../../../arm-linux-androideabi/lib/armv7-a/thumb] ==> [/home/azumeow/Android/Sdk/ndk/16.1.4479499/toolchains/arm-linux-androideabi-4.9/prebuilt/linux-x86_64/arm-linux-androideabi/lib/armv7-a/thumb]
  collapse library dir [/home/azumeow/Android/Sdk/ndk/16.1.4479499/platforms/android-22/arch-arm/usr/lib] ==> [/home/azumeow/Android/Sdk/ndk/16.1.4479499/platforms/android-22/arch-arm/usr/lib]
  implicit libs: [gcc;dl;c;gcc;dl]
  implicit dirs: [/home/azumeow/Android/Sdk/ndk/16.1.4479499/toolchains/llvm/prebuilt/linux-x86_64/lib64/clang/5.0.300080/lib/linux/arm;/home/azumeow/Android/Sdk/ndk/16.1.4479499/toolchains/arm-linux-androideabi-4.9/prebuilt/linux-x86_64/lib/gcc/arm-linux-androideabi/4.9.x/armv7-a/thumb;/home/azumeow/Android/Sdk/ndk/16.1.4479499/toolchains/arm-linux-androideabi-4.9/prebuilt/linux-x86_64/arm-linux-androideabi/lib/armv7-a/thumb;/home/azumeow/Android/Sdk/ndk/16.1.4479499/platforms/android-22/arch-arm/usr/lib]
  implicit fwks: []




Detecting C [-std=c11] compiler features compiled with the following output:
Change Dir: /home/azumeow/AndroidStudioProjects/ORB-SLAM2-based-AR-on-Android-master/app/.cxx/cmake/release/armeabi-v7a/CMakeFiles/CMakeTmp

Run Build Command:"/home/azumeow/Android/Sdk/cmake/3.10.2.4988404/bin/ninja" "cmTC_f7f59"
[1/2] Building C object CMakeFiles/cmTC_f7f59.dir/feature_tests.c.o
[2/2] Linking C executable cmTC_f7f59


    Feature record: C_FEATURE:1c_function_prototypes
    Feature record: C_FEATURE:1c_restrict
    Feature record: C_FEATURE:1c_static_assert
    Feature record: C_FEATURE:1c_variadic_macros


Detecting C [-std=c99] compiler features compiled with the following output:
Change Dir: /home/azumeow/AndroidStudioProjects/ORB-SLAM2-based-AR-on-Android-master/app/.cxx/cmake/release/armeabi-v7a/CMakeFiles/CMakeTmp

Run Build Command:"/home/azumeow/Android/Sdk/cmake/3.10.2.4988404/bin/ninja" "cmTC_1f3fd"
[1/2] Building C object CMakeFiles/cmTC_1f3fd.dir/feature_tests.c.o
[2/2] Linking C executable cmTC_1f3fd


    Feature record: C_FEATURE:1c_function_prototypes
    Feature record: C_FEATURE:1c_restrict
    Feature record: C_FEATURE:0c_static_assert
    Feature record: C_FEATURE:1c_variadic_macros


Detecting C [-std=c90] compiler features compiled with the following output:
Change Dir: /home/azumeow/AndroidStudioProjects/ORB-SLAM2-based-AR-on-Android-master/app/.cxx/cmake/release/armeabi-v7a/CMakeFiles/CMakeTmp

Run Build Command:"/home/azumeow/Android/Sdk/cmake/3.10.2.4988404/bin/ninja" "cmTC_aca72"
[1/2] Building C object CMakeFiles/cmTC_aca72.dir/feature_tests.c.o
[2/2] Linking C executable cmTC_aca72


    Feature record: C_FEATURE:1c_function_prototypes
    Feature record: C_FEATURE:0c_restrict
    Feature record: C_FEATURE:0c_static_assert
    Feature record: C_FEATURE:0c_variadic_macros
Determining if the CXX compiler works passed with the following output:
Change Dir: /home/azumeow/AndroidStudioProjects/ORB-SLAM2-based-AR-on-Android-master/app/.cxx/cmake/release/armeabi-v7a/CMakeFiles/CMakeTmp

Run Build Command:"/home/azumeow/Android/Sdk/cmake/3.10.2.4988404/bin/ninja" "cmTC_5d5a3"
[1/2] Building CXX object CMakeFiles/cmTC_5d5a3.dir/testCXXCompiler.cxx.o
[2/2] Linking CXX executable cmTC_5d5a3


Detecting CXX compiler ABI info compiled with the following output:
Change Dir: /home/azumeow/AndroidStudioProjects/ORB-SLAM2-based-AR-on-Android-master/app/.cxx/cmake/release/armeabi-v7a/CMakeFiles/CMakeTmp

Run Build Command:"/home/azumeow/Android/Sdk/cmake/3.10.2.4988404/bin/ninja" "cmTC_66904"
[1/2] Building CXX object CMakeFiles/cmTC_66904.dir/CMakeCXXCompilerABI.cpp.o
[2/2] Linking CXX executable cmTC_66904
Android clang version 5.0.300080  (based on LLVM 5.0.300080)
Target: armv7-none-linux-android
Thread model: posix
InstalledDir: /home/azumeow/Android/Sdk/ndk/16.1.4479499/toolchains/llvm/prebuilt/linux-x86_64/bin
Found candidate GCC installation: /home/azumeow/Android/Sdk/ndk/16.1.4479499/toolchains/arm-linux-androideabi-4.9/prebuilt/linux-x86_64/lib/gcc/arm-linux-androideabi/4.9.x
Selected GCC installation: /home/azumeow/Android/Sdk/ndk/16.1.4479499/toolchains/arm-linux-androideabi-4.9/prebuilt/linux-x86_64/lib/gcc/arm-linux-androideabi/4.9.x
Candidate multilib: thumb;@thumb
Candidate multilib: armv7-a;@armv7
Candidate multilib: armv7-a/thumb;@armv7@thumb
Candidate multilib: .;
Selected multilib: armv7-a/thumb;@armv7@thumb
 "/home/azumeow/Android/Sdk/ndk/16.1.4479499/toolchains/arm-linux-androideabi-4.9/prebuilt/linux-x86_64/lib/gcc/arm-linux-androideabi/4.9.x/../../../../arm-linux-androideabi/bin/ld" --sysroot=/home/azumeow/Android/Sdk/ndk/16.1.4479499/platforms/android-22/arch-arm -pie -z relro -X --eh-frame-hdr -m armelf_linux_eabi -dynamic-linker /system/bin/linker -o cmTC_66904 /home/azumeow/Android/Sdk/ndk/16.1.4479499/platforms/android-22/arch-arm/usr/lib/../lib/crtbegin_dynamic.o -L/home/azumeow/Android/Sdk/ndk/16.1.4479499/toolchains/llvm/prebuilt/linux-x86_64/lib64/clang/5.0.300080/lib/linux/arm -L/home/azumeow/Android/Sdk/ndk/16.1.4479499/toolchains/arm-linux-androideabi-4.9/prebuilt/linux-x86_64/lib/gcc/arm-linux-androideabi/4.9.x/armv7-a/thumb -L/home/azumeow/Android/Sdk/ndk/16.1.4479499/toolchains/arm-linux-androideabi-4.9/prebuilt/linux-x86_64/lib/gcc/arm-linux-androideabi/4.9.x/../../../../arm-linux-androideabi/lib/../lib/armv7-a/thumb -L/home/azumeow/Android/Sdk/ndk/16.1.4479499/platforms/android-22/arch-arm/usr/lib/../lib -L/home/azumeow/Android/Sdk/ndk/16.1.4479499/toolchains/arm-linux-androideabi-4.9/prebuilt/linux-x86_64/lib/gcc/arm-linux-androideabi/4.9.x/../../../../arm-linux-androideabi/lib/armv7-a/thumb -L/home/azumeow/Android/Sdk/ndk/16.1.4479499/platforms/android-22/arch-arm/usr/lib --exclude-libs libgcc.a --exclude-libs libatomic.a --build-id --warn-shared-textrel --fatal-warnings --fix-cortex-a8 --no-undefined -z noexecstack -z relro -z now --gc-sections -z nocopyreloc CMakeFiles/cmTC_66904.dir/CMakeCXXCompilerABI.cpp.o -lstdc++ -lm -lomp -rpath /home/azumeow/Android/Sdk/ndk/16.1.4479499/toolchains/llvm/prebuilt/linux-x86_64/lib64/clang/5.0.300080/lib/linux/arm -lgcc -lgcc -ldl -lc -lgcc -lgcc -ldl /home/azumeow/Android/Sdk/ndk/16.1.4479499/platforms/android-22/arch-arm/usr/lib/../lib/crtend_android.o


Parsed CXX implicit link information from above output:
  link line regex: [^( *|.*[/\])(arm-linux-androideabi-ld|CMAKE_LINK_STARTFILE-NOTFOUND|([^/\]+-)?ld|collect2)[^/\]*( |$)]
  ignore line: [Change Dir: /home/azumeow/AndroidStudioProjects/ORB-SLAM2-based-AR-on-Android-master/app/.cxx/cmake/release/armeabi-v7a/CMakeFiles/CMakeTmp]
  ignore line: []
  ignore line: [Run Build Command:"/home/azumeow/Android/Sdk/cmake/3.10.2.4988404/bin/ninja" "cmTC_66904"]
  ignore line: [[1/2] Building CXX object CMakeFiles/cmTC_66904.dir/CMakeCXXCompilerABI.cpp.o]
  ignore line: [[2/2] Linking CXX executable cmTC_66904]
  ignore line: [Android clang version 5.0.300080  (based on LLVM 5.0.300080)]
  ignore line: [Target: armv7-none-linux-android]
  ignore line: [Thread model: posix]
  ignore line: [InstalledDir: /home/azumeow/Android/Sdk/ndk/16.1.4479499/toolchains/llvm/prebuilt/linux-x86_64/bin]
  ignore line: [Found candidate GCC installation: /home/azumeow/Android/Sdk/ndk/16.1.4479499/toolchains/arm-linux-androideabi-4.9/prebuilt/linux-x86_64/lib/gcc/arm-linux-androideabi/4.9.x]
  ignore line: [Selected GCC installation: /home/azumeow/Android/Sdk/ndk/16.1.4479499/toolchains/arm-linux-androideabi-4.9/prebuilt/linux-x86_64/lib/gcc/arm-linux-androideabi/4.9.x]
  ignore line: [Candidate multilib: thumb]
  ignore line: [@thumb]
  ignore line: [Candidate multilib: armv7-a]
  ignore line: [@armv7]
  ignore line: [Candidate multilib: armv7-a/thumb]
  ignore line: [@armv7@thumb]
  ignore line: [Candidate multilib: .]
  ignore line: []
  ignore line: [Selected multilib: armv7-a/thumb]
  ignore line: [@armv7@thumb]
  link line: [ "/home/azumeow/Android/Sdk/ndk/16.1.4479499/toolchains/arm-linux-androideabi-4.9/prebuilt/linux-x86_64/lib/gcc/arm-linux-androideabi/4.9.x/../../../../arm-linux-androideabi/bin/ld" --sysroot=/home/azumeow/Android/Sdk/ndk/16.1.4479499/platforms/android-22/arch-arm -pie -z relro -X --eh-frame-hdr -m armelf_linux_eabi -dynamic-linker /system/bin/linker -o cmTC_66904 /home/azumeow/Android/Sdk/ndk/16.1.4479499/platforms/android-22/arch-arm/usr/lib/../lib/crtbegin_dynamic.o -L/home/azumeow/Android/Sdk/ndk/16.1.4479499/toolchains/llvm/prebuilt/linux-x86_64/lib64/clang/5.0.300080/lib/linux/arm -L/home/azumeow/Android/Sdk/ndk/16.1.4479499/toolchains/arm-linux-androideabi-4.9/prebuilt/linux-x86_64/lib/gcc/arm-linux-androideabi/4.9.x/armv7-a/thumb -L/home/azumeow/Android/Sdk/ndk/16.1.4479499/toolchains/arm-linux-androideabi-4.9/prebuilt/linux-x86_64/lib/gcc/arm-linux-androideabi/4.9.x/../../../../arm-linux-androideabi/lib/../lib/armv7-a/thumb -L/home/azumeow/Android/Sdk/ndk/16.1.4479499/platforms/android-22/arch-arm/usr/lib/../lib -L/home/azumeow/Android/Sdk/ndk/16.1.4479499/toolchains/arm-linux-androideabi-4.9/prebuilt/linux-x86_64/lib/gcc/arm-linux-androideabi/4.9.x/../../../../arm-linux-androideabi/lib/armv7-a/thumb -L/home/azumeow/Android/Sdk/ndk/16.1.4479499/platforms/android-22/arch-arm/usr/lib --exclude-libs libgcc.a --exclude-libs libatomic.a --build-id --warn-shared-textrel --fatal-warnings --fix-cortex-a8 --no-undefined -z noexecstack -z relro -z now --gc-sections -z nocopyreloc CMakeFiles/cmTC_66904.dir/CMakeCXXCompilerABI.cpp.o -lstdc++ -lm -lomp -rpath /home/azumeow/Android/Sdk/ndk/16.1.4479499/toolchains/llvm/prebuilt/linux-x86_64/lib64/clang/5.0.300080/lib/linux/arm -lgcc -lgcc -ldl -lc -lgcc -lgcc -ldl /home/azumeow/Android/Sdk/ndk/16.1.4479499/platforms/android-22/arch-arm/usr/lib/../lib/crtend_android.o]
    arg [/home/azumeow/Android/Sdk/ndk/16.1.4479499/toolchains/arm-linux-androideabi-4.9/prebuilt/linux-x86_64/lib/gcc/arm-linux-androideabi/4.9.x/../../../../arm-linux-androideabi/bin/ld] ==> ignore
    arg [--sysroot=/home/azumeow/Android/Sdk/ndk/16.1.4479499/platforms/android-22/arch-arm] ==> ignore
    arg [-pie] ==> ignore
    arg [-zrelro] ==> ignore
    arg [-X] ==> ignore
    arg [--eh-frame-hdr] ==> ignore
    arg [-m] ==> ignore
    arg [armelf_linux_eabi] ==> ignore
    arg [-dynamic-linker] ==> ignore
    arg [/system/bin/linker] ==> ignore
    arg [-o] ==> ignore
    arg [cmTC_66904] ==> ignore
    arg [/home/azumeow/Android/Sdk/ndk/16.1.4479499/platforms/android-22/arch-arm/usr/lib/../lib/crtbegin_dynamic.o] ==> ignore
    arg [-L/home/azumeow/Android/Sdk/ndk/16.1.4479499/toolchains/llvm/prebuilt/linux-x86_64/lib64/clang/5.0.300080/lib/linux/arm] ==> dir [/home/azumeow/Android/Sdk/ndk/16.1.4479499/toolchains/llvm/prebuilt/linux-x86_64/lib64/clang/5.0.300080/lib/linux/arm]
    arg [-L/home/azumeow/Android/Sdk/ndk/16.1.4479499/toolchains/arm-linux-androideabi-4.9/prebuilt/linux-x86_64/lib/gcc/arm-linux-androideabi/4.9.x/armv7-a/thumb] ==> dir [/home/azumeow/Android/Sdk/ndk/16.1.4479499/toolchains/arm-linux-androideabi-4.9/prebuilt/linux-x86_64/lib/gcc/arm-linux-androideabi/4.9.x/armv7-a/thumb]
    arg [-L/home/azumeow/Android/Sdk/ndk/16.1.4479499/toolchains/arm-linux-androideabi-4.9/prebuilt/linux-x86_64/lib/gcc/arm-linux-androideabi/4.9.x/../../../../arm-linux-androideabi/lib/../lib/armv7-a/thumb] ==> dir [/home/azumeow/Android/Sdk/ndk/16.1.4479499/toolchains/arm-linux-androideabi-4.9/prebuilt/linux-x86_64/lib/gcc/arm-linux-androideabi/4.9.x/../../../../arm-linux-androideabi/lib/../lib/armv7-a/thumb]
    arg [-L/home/azumeow/Android/Sdk/ndk/16.1.4479499/platforms/android-22/arch-arm/usr/lib/../lib] ==> dir [/home/azumeow/Android/Sdk/ndk/16.1.4479499/platforms/android-22/arch-arm/usr/lib/../lib]
    arg [-L/home/azumeow/Android/Sdk/ndk/16.1.4479499/toolchains/arm-linux-androideabi-4.9/prebuilt/linux-x86_64/lib/gcc/arm-linux-androideabi/4.9.x/../../../../arm-linux-androideabi/lib/armv7-a/thumb] ==> dir [/home/azumeow/Android/Sdk/ndk/16.1.4479499/toolchains/arm-linux-androideabi-4.9/prebuilt/linux-x86_64/lib/gcc/arm-linux-androideabi/4.9.x/../../../../arm-linux-androideabi/lib/armv7-a/thumb]
    arg [-L/home/azumeow/Android/Sdk/ndk/16.1.4479499/platforms/android-22/arch-arm/usr/lib] ==> dir [/home/azumeow/Android/Sdk/ndk/16.1.4479499/platforms/android-22/arch-arm/usr/lib]
    arg [--exclude-libs] ==> ignore
    arg [libgcc.a] ==> ignore
    arg [--exclude-libs] ==> ignore
    arg [libatomic.a] ==> ignore
    arg [--build-id] ==> ignore
    arg [--warn-shared-textrel] ==> ignore
    arg [--fatal-warnings] ==> ignore
    arg [--fix-cortex-a8] ==> ignore
    arg [--no-undefined] ==> ignore
    arg [-znoexecstack] ==> ignore
    arg [-zrelro] ==> ignore
    arg [-znow] ==> ignore
    arg [--gc-sections] ==> ignore
    arg [-znocopyreloc] ==> ignore
    arg [CMakeFiles/cmTC_66904.dir/CMakeCXXCompilerABI.cpp.o] ==> ignore
    arg [-lstdc++] ==> lib [stdc++]
    arg [-lm] ==> lib [m]
    arg [-lomp] ==> lib [omp]
    arg [-rpath] ==> ignore
    arg [/home/azumeow/Android/Sdk/ndk/16.1.4479499/toolchains/llvm/prebuilt/linux-x86_64/lib64/clang/5.0.300080/lib/linux/arm] ==> ignore
    arg [-lgcc] ==> lib [gcc]
    arg [-lgcc] ==> lib [gcc]
    arg [-ldl] ==> lib [dl]
    arg [-lc] ==> lib [c]
    arg [-lgcc] ==> lib [gcc]
    arg [-lgcc] ==> lib [gcc]
    arg [-ldl] ==> lib [dl]
    arg [/home/azumeow/Android/Sdk/ndk/16.1.4479499/platforms/android-22/arch-arm/usr/lib/../lib/crtend_android.o] ==> ignore
  collapse library dir [/home/azumeow/Android/Sdk/ndk/16.1.4479499/toolchains/llvm/prebuilt/linux-x86_64/lib64/clang/5.0.300080/lib/linux/arm] ==> [/home/azumeow/Android/Sdk/ndk/16.1.4479499/toolchains/llvm/prebuilt/linux-x86_64/lib64/clang/5.0.300080/lib/linux/arm]
  collapse library dir [/home/azumeow/Android/Sdk/ndk/16.1.4479499/toolchains/arm-linux-androideabi-4.9/prebuilt/linux-x86_64/lib/gcc/arm-linux-androideabi/4.9.x/armv7-a/thumb] ==> [/home/azumeow/Android/Sdk/ndk/16.1.4479499/toolchains/arm-linux-androideabi-4.9/prebuilt/linux-x86_64/lib/gcc/arm-linux-androideabi/4.9.x/armv7-a/thumb]
  collapse library dir [/home/azumeow/Android/Sdk/ndk/16.1.4479499/toolchains/arm-linux-androideabi-4.9/prebuilt/linux-x86_64/lib/gcc/arm-linux-androideabi/4.9.x/../../../../arm-linux-androideabi/lib/../lib/armv7-a/thumb] ==> [/home/azumeow/Android/Sdk/ndk/16.1.4479499/toolchains/arm-linux-androideabi-4.9/prebuilt/linux-x86_64/arm-linux-androideabi/lib/armv7-a/thumb]
  collapse library dir [/home/azumeow/Android/Sdk/ndk/16.1.4479499/platforms/android-22/arch-arm/usr/lib/../lib] ==> [/home/azumeow/Android/Sdk/ndk/16.1.4479499/platforms/android-22/arch-arm/usr/lib]
  collapse library dir [/home/azumeow/Android/Sdk/ndk/16.1.4479499/toolchains/arm-linux-androideabi-4.9/prebuilt/linux-x86_64/lib/gcc/arm-linux-androideabi/4.9.x/../../../../arm-linux-androideabi/lib/armv7-a/thumb] ==> [/home/azumeow/Android/Sdk/ndk/16.1.4479499/toolchains/arm-linux-androideabi-4.9/prebuilt/linux-x86_64/arm-linux-androideabi/lib/armv7-a/thumb]
  collapse library dir [/home/azumeow/Android/Sdk/ndk/16.1.4479499/platforms/android-22/arch-arm/usr/lib] ==> [/home/azumeow/Android/Sdk/ndk/16.1.4479499/platforms/android-22/arch-arm/usr/lib]
  implicit libs: [stdc++;m;omp;gcc;gcc;dl;c;gcc;gcc;dl]
  implicit dirs: [/home/azumeow/Android/Sdk/ndk/16.1.4479499/toolchains/llvm/prebuilt/linux-x86_64/lib64/clang/5.0.300080/lib/linux/arm;/home/azumeow/Android/Sdk/ndk/16.1.4479499/toolchains/arm-linux-androideabi-4.9/prebuilt/linux-x86_64/lib/gcc/arm-linux-androideabi/4.9.x/armv7-a/thumb;/home/azumeow/Android/Sdk/ndk/16.1.4479499/toolchains/arm-linux-androideabi-4.9/prebuilt/linux-x86_64/arm-linux-androideabi/lib/armv7-a/thumb;/home/azumeow/Android/Sdk/ndk/16.1.4479499/platforms/android-22/arch-arm/usr/lib]
  implicit fwks: []




Detecting CXX [-std=c++1z] compiler features compiled with the following output:
Change Dir: /home/azumeow/AndroidStudioProjects/ORB-SLAM2-based-AR-on-Android-master/app/.cxx/cmake/release/armeabi-v7a/CMakeFiles/CMakeTmp

Run Build Command:"/home/azumeow/Android/Sdk/cmake/3.10.2.4988404/bin/ninja" "cmTC_b3efa"
[1/2] Building CXX object CMakeFiles/cmTC_b3efa.dir/feature_tests.cxx.o
[2/2] Linking CXX executable cmTC_b3efa


    Feature record: CXX_FEATURE:1cxx_aggregate_default_initializers
    Feature record: CXX_FEATURE:1cxx_alias_templates
    Feature record: CXX_FEATURE:1cxx_alignas
    Feature record: CXX_FEATURE:1cxx_alignof
    Feature record: CXX_FEATURE:1cxx_attributes
    Feature record: CXX_FEATURE:1cxx_attribute_deprecated
    Feature record: CXX_FEATURE:1cxx_auto_type
    Feature record: CXX_FEATURE:1cxx_binary_literals
    Feature record: CXX_FEATURE:1cxx_constexpr
    Feature record: CXX_FEATURE:1cxx_contextual_conversions
    Feature record: CXX_FEATURE:1cxx_decltype
    Feature record: CXX_FEATURE:1cxx_decltype_auto
    Feature record: CXX_FEATURE:1cxx_decltype_incomplete_return_types
    Feature record: CXX_FEATURE:1cxx_default_function_template_args
    Feature record: CXX_FEATURE:1cxx_defaulted_functions
    Feature record: CXX_FEATURE:1cxx_defaulted_move_initializers
    Feature record: CXX_FEATURE:1cxx_delegating_constructors
    Feature record: CXX_FEATURE:1cxx_deleted_functions
    Feature record: CXX_FEATURE:1cxx_digit_separators
    Feature record: CXX_FEATURE:1cxx_enum_forward_declarations
    Feature record: CXX_FEATURE:1cxx_explicit_conversions
    Feature record: CXX_FEATURE:1cxx_extended_friend_declarations
    Feature record: CXX_FEATURE:1cxx_extern_templates
    Feature record: CXX_FEATURE:1cxx_final
    Feature record: CXX_FEATURE:1cxx_func_identifier
    Feature record: CXX_FEATURE:1cxx_generalized_initializers
    Feature record: CXX_FEATURE:1cxx_generic_lambdas
    Feature record: CXX_FEATURE:1cxx_inheriting_constructors
    Feature record: CXX_FEATURE:1cxx_inline_namespaces
    Feature record: CXX_FEATURE:1cxx_lambdas
    Feature record: CXX_FEATURE:1cxx_lambda_init_captures
    Feature record: CXX_FEATURE:1cxx_local_type_template_args
    Feature record: CXX_FEATURE:1cxx_long_long_type
    Feature record: CXX_FEATURE:1cxx_noexcept
    Feature record: CXX_FEATURE:1cxx_nonstatic_member_init
    Feature record: CXX_FEATURE:1cxx_nullptr
    Feature record: CXX_FEATURE:1cxx_override
    Feature record: CXX_FEATURE:1cxx_range_for
    Feature record: CXX_FEATURE:1cxx_raw_string_literals
    Feature record: CXX_FEATURE:1cxx_reference_qualified_functions
    Feature record: CXX_FEATURE:1cxx_relaxed_constexpr
    Feature record: CXX_FEATURE:1cxx_return_type_deduction
    Feature record: CXX_FEATURE:1cxx_right_angle_brackets
    Feature record: CXX_FEATURE:1cxx_rvalue_references
    Feature record: CXX_FEATURE:1cxx_sizeof_member
    Feature record: CXX_FEATURE:1cxx_static_assert
    Feature record: CXX_FEATURE:1cxx_strong_enums
    Feature record: CXX_FEATURE:1cxx_template_template_parameters
    Feature record: CXX_FEATURE:1cxx_thread_local
    Feature record: CXX_FEATURE:1cxx_trailing_return_types
    Feature record: CXX_FEATURE:1cxx_unicode_literals
    Feature record: CXX_FEATURE:1cxx_uniform_initialization
    Feature record: CXX_FEATURE:1cxx_unrestricted_unions
    Feature record: CXX_FEATURE:1cxx_user_literals
    Feature record: CXX_FEATURE:1cxx_variable_templates
    Feature record: CXX_FEATURE:1cxx_variadic_macros
    Feature record: CXX_FEATURE:1cxx_variadic_templates


Detecting CXX [-std=c++14] compiler features compiled with the following output:
Change Dir: /home/azumeow/AndroidStudioProjects/ORB-SLAM2-based-AR-on-Android-master/app/.cxx/cmake/release/armeabi-v7a/CMakeFiles/CMakeTmp

Run Build Command:"/home/azumeow/Android/Sdk/cmake/3.10.2.4988404/bin/ninja" "cmTC_f2490"
[1/2] Building CXX object CMakeFiles/cmTC_f2490.dir/feature_tests.cxx.o
[2/2] Linking CXX executable cmTC_f2490


    Feature record: CXX_FEATURE:1cxx_aggregate_default_initializers
    Feature record: CXX_FEATURE:1cxx_alias_templates
    Feature record: CXX_FEATURE:1cxx_alignas
    Feature record: CXX_FEATURE:1cxx_alignof
    Feature record: CXX_FEATURE:1cxx_attributes
    Feature record: CXX_FEATURE:1cxx_attribute_deprecated
    Feature record: CXX_FEATURE:1cxx_auto_type
    Feature record: CXX_FEATURE:1cxx_binary_literals
    Feature record: CXX_FEATURE:1cxx_constexpr
    Feature record: CXX_FEATURE:1cxx_contextual_conversions
    Feature record: CXX_FEATURE:1cxx_decltype
    Feature record: CXX_FEATURE:1cxx_decltype_auto
    Feature record: CXX_FEATURE:1cxx_decltype_incomplete_return_types
    Feature record: CXX_FEATURE:1cxx_default_function_template_args
    Feature record: CXX_FEATURE:1cxx_defaulted_functions
    Feature record: CXX_FEATURE:1cxx_defaulted_move_initializers
    Feature record: CXX_FEATURE:1cxx_delegating_constructors
    Feature record: CXX_FEATURE:1cxx_deleted_functions
    Feature record: CXX_FEATURE:1cxx_digit_separators
    Feature record: CXX_FEATURE:1cxx_enum_forward_declarations
    Feature record: CXX_FEATURE:1cxx_explicit_conversions
    Feature record: CXX_FEATURE:1cxx_extended_friend_declarations
    Feature record: CXX_FEATURE:1cxx_extern_templates
    Feature record: CXX_FEATURE:1cxx_final
    Feature record: CXX_FEATURE:1cxx_func_identifier
    Feature record: CXX_FEATURE:1cxx_generalized_initializers
    Feature record: CXX_FEATURE:1cxx_generic_lambdas
    Feature record: CXX_FEATURE:1cxx_inheriting_constructors
    Feature record: CXX_FEATURE:1cxx_inline_namespaces
    Feature record: CXX_FEATURE:1cxx_lambdas
    Feature record: CXX_FEATURE:1cxx_lambda_init_captures
    Feature record: CXX_FEATURE:1cxx_local_type_template_args
    Feature record: CXX_FEATURE:1cxx_long_long_type
    Feature record: CXX_FEATURE:1cxx_noexcept
    Feature record: CXX_FEATURE:1cxx_nonstatic_member_init
    Feature record: CXX_FEATURE:1cxx_nullptr
    Feature record: CXX_FEATURE:1cxx_override
    Feature record: CXX_FEATURE:1cxx_range_for
    Feature record: CXX_FEATURE:1cxx_raw_string_literals
    Feature record: CXX_FEATURE:1cxx_reference_qualified_functions
    Feature record: CXX_FEATURE:1cxx_relaxed_constexpr
    Feature record: CXX_FEATURE:1cxx_return_type_deduction
    Feature record: CXX_FEATURE:1cxx_right_angle_brackets
    Feature record: CXX_FEATURE:1cxx_rvalue_references
    Feature record: CXX_FEATURE:1cxx_sizeof_member
    Feature record: CXX_FEATURE:1cxx_static_assert
    Feature record: CXX_FEATURE:1cxx_strong_enums
    Feature record: CXX_FEATURE:1cxx_template_template_parameters
    Feature record: CXX_FEATURE:1cxx_thread_local
    Feature record: CXX_FEATURE:1cxx_trailing_return_types
    Feature record: CXX_FEATURE:1cxx_unicode_literals
    Feature record: CXX_FEATURE:1cxx_uniform_initialization
    Feature record: CXX_FEATURE:1cxx_unrestricted_unions
    Feature record: CXX_FEATURE:1cxx_user_literals
    Feature record: CXX_FEATURE:1cxx_variable_templates
    Feature record: CXX_FEATURE:1cxx_variadic_macros
    Feature record: CXX_FEATURE:1cxx_variadic_templates


Detecting CXX [-std=c++11] compiler features compiled with the following output:
Change Dir: /home/azumeow/AndroidStudioProjects/ORB-SLAM2-based-AR-on-Android-master/app/.cxx/cmake/release/armeabi-v7a/CMakeFiles/CMakeTmp

Run Build Command:"/home/azumeow/Android/Sdk/cmake/3.10.2.4988404/bin/ninja" "cmTC_665dc"
[1/2] Building CXX object CMakeFiles/cmTC_665dc.dir/feature_tests.cxx.o
[2/2] Linking CXX executable cmTC_665dc


    Feature record: CXX_FEATURE:0cxx_aggregate_default_initializers
    Feature record: CXX_FEATURE:1cxx_alias_templates
    Feature record: CXX_FEATURE:1cxx_alignas
    Feature record: CXX_FEATURE:1cxx_alignof
    Feature record: CXX_FEATURE:1cxx_attributes
    Feature record: CXX_FEATURE:0cxx_attribute_deprecated
    Feature record: CXX_FEATURE:1cxx_auto_type
    Feature record: CXX_FEATURE:0cxx_binary_literals
    Feature record: CXX_FEATURE:1cxx_constexpr
    Feature record: CXX_FEATURE:0cxx_contextual_conversions
    Feature record: CXX_FEATURE:1cxx_decltype
    Feature record: CXX_FEATURE:0cxx_decltype_auto
    Feature record: CXX_FEATURE:1cxx_decltype_incomplete_return_types
    Feature record: CXX_FEATURE:1cxx_default_function_template_args
    Feature record: CXX_FEATURE:1cxx_defaulted_functions
    Feature record: CXX_FEATURE:1cxx_defaulted_move_initializers
    Feature record: CXX_FEATURE:1cxx_delegating_constructors
    Feature record: CXX_FEATURE:1cxx_deleted_functions
    Feature record: CXX_FEATURE:0cxx_digit_separators
    Feature record: CXX_FEATURE:1cxx_enum_forward_declarations
    Feature record: CXX_FEATURE:1cxx_explicit_conversions
    Feature record: CXX_FEATURE:1cxx_extended_friend_declarations
    Feature record: CXX_FEATURE:1cxx_extern_templates
    Feature record: CXX_FEATURE:1cxx_final
    Feature record: CXX_FEATURE:1cxx_func_identifier
    Feature record: CXX_FEATURE:1cxx_generalized_initializers
    Feature record: CXX_FEATURE:0cxx_generic_lambdas
    Feature record: CXX_FEATURE:1cxx_inheriting_constructors
    Feature record: CXX_FEATURE:1cxx_inline_namespaces
    Feature record: CXX_FEATURE:1cxx_lambdas
    Feature record: CXX_FEATURE:0cxx_lambda_init_captures
    Feature record: CXX_FEATURE:1cxx_local_type_template_args
    Feature record: CXX_FEATURE:1cxx_long_long_type
    Feature record: CXX_FEATURE:1cxx_noexcept
    Feature record: CXX_FEATURE:1cxx_nonstatic_member_init
    Feature record: CXX_FEATURE:1cxx_nullptr
    Feature record: CXX_FEATURE:1cxx_override
    Feature record: CXX_FEATURE:1cxx_range_for
    Feature record: CXX_FEATURE:1cxx_raw_string_literals
    Feature record: CXX_FEATURE:1cxx_reference_qualified_functions
    Feature record: CXX_FEATURE:0cxx_relaxed_constexpr
    Feature record: CXX_FEATURE:0cxx_return_type_deduction
    Feature record: CXX_FEATURE:1cxx_right_angle_brackets
    Feature record: CXX_FEATURE:1cxx_rvalue_references
    Feature record: CXX_FEATURE:1cxx_sizeof_member
    Feature record: CXX_FEATURE:1cxx_static_assert
    Feature record: CXX_FEATURE:1cxx_strong_enums
    Feature record: CXX_FEATURE:1cxx_template_template_parameters
    Feature record: CXX_FEATURE:1cxx_thread_local
    Feature record: CXX_FEATURE:1cxx_trailing_return_types
    Feature record: CXX_FEATURE:1cxx_unicode_literals
    Feature record: CXX_FEATURE:1cxx_uniform_initialization
    Feature record: CXX_FEATURE:1cxx_unrestricted_unions
    Feature record: CXX_FEATURE:1cxx_user_literals
    Feature record: CXX_FEATURE:0cxx_variable_templates
    Feature record: CXX_FEATURE:1cxx_variadic_macros
    Feature record: CXX_FEATURE:1cxx_variadic_templates


Detecting CXX [-std=c++98] compiler features compiled with the following output:
Change Dir: /home/azumeow/AndroidStudioProjects/ORB-SLAM2-based-AR-on-Android-master/app/.cxx/cmake/release/armeabi-v7a/CMakeFiles/CMakeTmp

Run Build Command:"/home/azumeow/Android/Sdk/cmake/3.10.2.4988404/bin/ninja" "cmTC_db413"
[1/2] Building CXX object CMakeFiles/cmTC_db413.dir/feature_tests.cxx.o
[2/2] Linking CXX executable cmTC_db413


    Feature record: CXX_FEATURE:0cxx_aggregate_default_initializers
    Feature record: CXX_FEATURE:0cxx_alias_templates
    Feature record: CXX_FEATURE:0cxx_alignas
    Feature record: CXX_FEATURE:0cxx_alignof
    Feature record: CXX_FEATURE:0cxx_attributes
    Feature record: CXX_FEATURE:0cxx_attribute_deprecated
    Feature record: CXX_FEATURE:0cxx_auto_type
    Feature record: CXX_FEATURE:0cxx_binary_literals
    Feature record: CXX_FEATURE:0cxx_constexpr
    Feature record: CXX_FEATURE:0cxx_contextual_conversions
    Feature record: CXX_FEATURE:0cxx_decltype
    Feature record: CXX_FEATURE:0cxx_decltype_auto
    Feature record: CXX_FEATURE:0cxx_decltype_incomplete_return_types
    Feature record: CXX_FEATURE:0cxx_default_function_template_args
    Feature record: CXX_FEATURE:0cxx_defaulted_functions
    Feature record: CXX_FEATURE:0cxx_defaulted_move_initializers
    Feature record: CXX_FEATURE:0cxx_delegating_constructors
    Feature record: CXX_FEATURE:0cxx_deleted_functions
    Feature record: CXX_FEATURE:0cxx_digit_separators
    Feature record: CXX_FEATURE:0cxx_enum_forward_declarations
    Feature record: CXX_FEATURE:0cxx_explicit_conversions
    Feature record: CXX_FEATURE:0cxx_extended_friend_declarations
    Feature record: CXX_FEATURE:0cxx_extern_templates
    Feature record: CXX_FEATURE:0cxx_final
    Feature record: CXX_FEATURE:0cxx_func_identifier
    Feature record: CXX_FEATURE:0cxx_generalized_initializers
    Feature record: CXX_FEATURE:0cxx_generic_lambdas
    Feature record: CXX_FEATURE:0cxx_inheriting_constructors
    Feature record: CXX_FEATURE:0cxx_inline_namespaces
    Feature record: CXX_FEATURE:0cxx_lambdas
    Feature record: CXX_FEATURE:0cxx_lambda_init_captures
    Feature record: CXX_FEATURE:0cxx_local_type_template_args
    Feature record: CXX_FEATURE:0cxx_long_long_type
    Feature record: CXX_FEATURE:0cxx_noexcept
    Feature record: CXX_FEATURE:0cxx_nonstatic_member_init
    Feature record: CXX_FEATURE:0cxx_nullptr
    Feature record: CXX_FEATURE:0cxx_override
    Feature record: CXX_FEATURE:0cxx_range_for
    Feature record: CXX_FEATURE:0cxx_raw_string_literals
    Feature record: CXX_FEATURE:0cxx_reference_qualified_functions
    Feature record: CXX_FEATURE:0cxx_relaxed_constexpr
    Feature record: CXX_FEATURE:0cxx_return_type_deduction
    Feature record: CXX_FEATURE:0cxx_right_angle_brackets
    Feature record: CXX_FEATURE:0cxx_rvalue_references
    Feature record: CXX_FEATURE:0cxx_sizeof_member
    Feature record: CXX_FEATURE:0cxx_static_assert
    Feature record: CXX_FEATURE:0cxx_strong_enums
    Feature record: CXX_FEATURE:1cxx_template_template_parameters
    Feature record: CXX_FEATURE:0cxx_thread_local
    Feature record: CXX_FEATURE:0cxx_trailing_return_types
    Feature record: CXX_FEATURE:0cxx_unicode_literals
    Feature record: CXX_FEATURE:0cxx_uniform_initialization
    Feature record: CXX_FEATURE:0cxx_unrestricted_unions
    Feature record: CXX_FEATURE:0cxx_user_literals
    Feature record: CXX_FEATURE:0cxx_variable_templates
    Feature record: CXX_FEATURE:0cxx_variadic_macros
    Feature record: CXX_FEATURE:0cxx_variadic_templates
